#! /usr/bin/vvp
:ivl_version "11.0 (stable)";
:ivl_delay_selection "TYPICAL";
:vpi_time_precision + 0;
:vpi_module "/usr/lib/x86_64-linux-gnu/ivl/system.vpi";
:vpi_module "/usr/lib/x86_64-linux-gnu/ivl/vhdl_sys.vpi";
:vpi_module "/usr/lib/x86_64-linux-gnu/ivl/vhdl_textio.vpi";
:vpi_module "/usr/lib/x86_64-linux-gnu/ivl/v2005_math.vpi";
:vpi_module "/usr/lib/x86_64-linux-gnu/ivl/va_math.vpi";
S_0x5569b45c5730 .scope module, "adder" "adder" 2 28;
 .timescale 0 0;
    .port_info 0 /INPUT 32 "a";
    .port_info 1 /INPUT 32 "b";
    .port_info 2 /OUTPUT 32 "out";
o0x7fdaa0df9018 .functor BUFZ 32, C4<zzzzzzzzzzzzzzzzzzzzzzzzzzzzzzzz>; HiZ drive
v0x5569b4571da0_0 .net "a", 31 0, o0x7fdaa0df9018;  0 drivers
o0x7fdaa0df9048 .functor BUFZ 32, C4<zzzzzzzzzzzzzzzzzzzzzzzzzzzzzzzz>; HiZ drive
v0x5569b45acce0_0 .net "b", 31 0, o0x7fdaa0df9048;  0 drivers
v0x5569b45bfa00_0 .net "out", 31 0, L_0x5569b4603f70;  1 drivers
L_0x5569b4603f70 .arith/sum 32, o0x7fdaa0df9018, o0x7fdaa0df9048;
S_0x5569b45c8930 .scope module, "cpu_test" "cpu_test" 3 6;
 .timescale 0 0;
v0x5569b4602d80_0 .var "clk", 0 0;
v0x5569b4602eb0_0 .net "data_memory_a", 31 0, L_0x5569b4614ed0;  1 drivers
v0x5569b4602f70_0 .net "data_memory_rd", 31 0, L_0x5569b46144a0;  1 drivers
v0x5569b4603010_0 .net "data_memory_wd", 31 0, L_0x5569b4615080;  1 drivers
v0x5569b4603120_0 .net "data_memory_we", 0 0, L_0x5569b4615110;  1 drivers
v0x5569b4603260_0 .var "i_counter", 31 0;
v0x5569b4603340_0 .net "instruction_memory_a", 31 0, L_0x5569b4614d40;  1 drivers
v0x5569b4603450_0 .net "instruction_memory_rd", 31 0, L_0x5569b4604010;  1 drivers
v0x5569b4603560_0 .var "mem_counter", 31 0;
v0x5569b46036d0_0 .net "pc", 31 0, v0x5569b4602c60_0;  1 drivers
v0x5569b4603820_0 .net "pc_new", 31 0, L_0x5569b4617930;  1 drivers
v0x5569b4603970_0 .var "reg_counter", 31 0;
v0x5569b4603a50_0 .net "register_a1", 4 0, L_0x5569b4615460;  1 drivers
v0x5569b4603b10_0 .net "register_a2", 4 0, L_0x5569b46155c0;  1 drivers
v0x5569b4603bd0_0 .net "register_a3", 4 0, L_0x5569b46156c0;  1 drivers
v0x5569b4603c90_0 .net "register_rd1", 31 0, L_0x5569b4614780;  1 drivers
v0x5569b4603d50_0 .net "register_rd2", 31 0, L_0x5569b4614a60;  1 drivers
v0x5569b4603e10_0 .net "register_wd3", 31 0, L_0x5569b4615260;  1 drivers
v0x5569b4603ed0_0 .net "register_we3", 0 0, L_0x5569b4614e40;  1 drivers
S_0x5569b45d4e50 .scope module, "cpu" "mips_cpu" 3 35, 4 60 0, S_0x5569b45c8930;
 .timescale 0 0;
    .port_info 0 /INPUT 1 "clk";
    .port_info 1 /INOUT 32 "pc";
    .port_info 2 /OUTPUT 32 "pc_new";
    .port_info 3 /OUTPUT 32 "instruction_memory_a";
    .port_info 4 /INOUT 32 "instruction_memory_rd";
    .port_info 5 /OUTPUT 32 "data_memory_a";
    .port_info 6 /INOUT 32 "data_memory_rd";
    .port_info 7 /OUTPUT 1 "data_memory_we";
    .port_info 8 /OUTPUT 32 "data_memory_wd";
    .port_info 9 /OUTPUT 5 "register_a1";
    .port_info 10 /OUTPUT 5 "register_a2";
    .port_info 11 /OUTPUT 5 "register_a3";
    .port_info 12 /OUTPUT 1 "register_we3";
    .port_info 13 /OUTPUT 32 "register_wd3";
    .port_info 14 /INOUT 32 "register_rd1";
    .port_info 15 /INOUT 32 "register_rd2";
L_0x5569b4614d40 .functor BUFZ 32, v0x5569b4602c60_0, C4<00000000000000000000000000000000>, C4<00000000000000000000000000000000>, C4<00000000000000000000000000000000>;
L_0x5569b4614e40 .functor BUFZ 1, v0x5569b45f3bf0_0, C4<0>, C4<0>, C4<0>;
L_0x5569b4614ed0 .functor BUFZ 32, v0x5569b45facd0_0, C4<00000000000000000000000000000000>, C4<00000000000000000000000000000000>, C4<00000000000000000000000000000000>;
L_0x5569b4615080 .functor BUFZ 32, L_0x5569b4614a60, C4<00000000000000000000000000000000>, C4<00000000000000000000000000000000>, C4<00000000000000000000000000000000>;
L_0x5569b4615110 .functor BUFZ 1, v0x5569b45f3830_0, C4<0>, C4<0>, C4<0>;
L_0x5569b4615460 .functor BUFZ 5, L_0x5569b4617b30, C4<00000>, C4<00000>, C4<00000>;
L_0x5569b46155c0 .functor BUFZ 5, L_0x5569b4617d20, C4<00000>, C4<00000>, C4<00000>;
L_0x5569b46156c0 .functor BUFZ 5, L_0x5569b4616150, C4<00000>, C4<00000>, C4<00000>;
L_0x5569b46169a0 .functor BUFZ 32, L_0x5569b4614780, C4<00000000000000000000000000000000>, C4<00000000000000000000000000000000>, C4<00000000000000000000000000000000>;
v0x5569b45fda30_0 .net "A", 0 0, v0x5569b45f3770_0;  1 drivers
v0x5569b45fdad0_0 .net "B", 0 0, v0x5569b45f3830_0;  1 drivers
v0x5569b45fdb90_0 .net "C", 0 0, v0x5569b45f38f0_0;  1 drivers
v0x5569b45fdcb0_0 .net "Control", 2 0, v0x5569b45f3100_0;  1 drivers
v0x5569b45fdd50_0 .net "D", 0 0, v0x5569b45f39b0_0;  1 drivers
v0x5569b45fde40_0 .net "E", 0 0, v0x5569b45f3a70_0;  1 drivers
v0x5569b45fdee0_0 .net "F", 0 0, v0x5569b45f3b30_0;  1 drivers
v0x5569b45fdf80_0 .net "G", 0 0, v0x5569b45f3bf0_0;  1 drivers
v0x5569b45fe020_0 .net "H", 31 0, L_0x5569b4615180;  1 drivers
v0x5569b45fe150_0 .net "I", 0 0, v0x5569b45f3cb0_0;  1 drivers
v0x5569b45fe1f0_0 .net "J", 0 0, v0x5569b45f3d70_0;  1 drivers
v0x5569b45fe320_0 .net "Jr", 0 0, v0x5569b45f3e30_0;  1 drivers
v0x5569b45fe3c0_0 .net "Result", 31 0, v0x5569b45facd0_0;  1 drivers
v0x5569b45fe460_0 .net "X", 0 0, v0x5569b45f4540_0;  1 drivers
v0x5569b45fe500_0 .net "Y", 0 0, L_0x5569b4616fd0;  1 drivers
v0x5569b45fe5f0_0 .net "Z", 31 0, L_0x5569b4617270;  1 drivers
v0x5569b45fe690_0 .net "a1", 4 0, L_0x5569b4617b30;  1 drivers
v0x5569b45fe770_0 .net "a2", 4 0, L_0x5569b4617d20;  1 drivers
v0x5569b45fe850_0 .net "a3", 4 0, L_0x5569b4616150;  1 drivers
v0x5569b45fe960_0 .net "b1", 4 0, L_0x5569b4617dc0;  1 drivers
v0x5569b45fea70_0 .net "b2", 4 0, L_0x5569b4617e60;  1 drivers
v0x5569b45feb80_0 .net "base", 5 0, L_0x5569b4614ca0;  1 drivers
v0x5569b45fec40_0 .net "clk", 0 0, v0x5569b4602d80_0;  1 drivers
v0x5569b45fece0_0 .net "const", 31 0, L_0x5569b4616900;  1 drivers
v0x5569b45feda0_0 .net "control", 5 0, L_0x5569b4614b20;  1 drivers
v0x5569b45fee60_0 .net "data_memory_a", 31 0, L_0x5569b4614ed0;  alias, 1 drivers
v0x5569b45fef20_0 .net "data_memory_rd", 31 0, L_0x5569b46144a0;  alias, 1 drivers
v0x5569b45fefe0_0 .net "data_memory_wd", 31 0, L_0x5569b4615080;  alias, 1 drivers
v0x5569b45ff0a0_0 .net "data_memory_we", 0 0, L_0x5569b4615110;  alias, 1 drivers
v0x5569b45ff160_0 .net "instruction_memory_a", 31 0, L_0x5569b4614d40;  alias, 1 drivers
v0x5569b45ff240_0 .net "instruction_memory_rd", 31 0, L_0x5569b4604010;  alias, 1 drivers
v0x5569b45ff320_0 .net "jA", 25 0, L_0x5569b4616ab0;  1 drivers
v0x5569b45ff430_0 .net "nz", 0 0, L_0x5569b46171d0;  1 drivers
v0x5569b45ff4d0_0 .net "pc", 31 0, v0x5569b4602c60_0;  alias, 1 drivers
v0x5569b45ff5c0_0 .net "pc0", 31 0, v0x5569b45f8ca0_0;  1 drivers
v0x5569b45ff680_0 .net "pc1", 31 0, v0x5569b45f94d0_0;  1 drivers
v0x5569b45ff740_0 .net "pc_new", 31 0, L_0x5569b4617930;  alias, 1 drivers
v0x5569b45ff850_0 .net "register_a1", 4 0, L_0x5569b4615460;  alias, 1 drivers
v0x5569b45ff930_0 .net "register_a2", 4 0, L_0x5569b46155c0;  alias, 1 drivers
v0x5569b45ffa10_0 .net "register_a3", 4 0, L_0x5569b46156c0;  alias, 1 drivers
v0x5569b45ffaf0_0 .net "register_rd1", 31 0, L_0x5569b4614780;  alias, 1 drivers
v0x5569b45ffbb0_0 .net "register_rd2", 31 0, L_0x5569b4614a60;  alias, 1 drivers
v0x5569b45ffca0_0 .net "register_wd3", 31 0, L_0x5569b4615260;  alias, 1 drivers
v0x5569b45ffd60_0 .net "register_we3", 0 0, L_0x5569b4614e40;  alias, 1 drivers
v0x5569b45ffe00_0 .net "rz", 0 0, L_0x5569b4616e30;  1 drivers
v0x5569b45ffef0_0 .net "sA", 31 0, L_0x5569b46169a0;  1 drivers
v0x5569b4600000_0 .net "tC", 15 0, L_0x5569b4616a10;  1 drivers
v0x5569b46000c0_0 .net "zero", 0 0, v0x5569b45fada0_0;  1 drivers
L_0x5569b4614b20 .part L_0x5569b4604010, 26, 6;
L_0x5569b4614ca0 .part L_0x5569b4604010, 0, 6;
L_0x5569b4616a10 .part L_0x5569b4604010, 0, 16;
L_0x5569b4616ab0 .part L_0x5569b4604010, 0, 26;
L_0x5569b46171d0 .reduce/nor v0x5569b45fada0_0;
L_0x5569b4617b30 .part L_0x5569b4604010, 21, 5;
L_0x5569b4617d20 .part L_0x5569b4604010, 16, 5;
L_0x5569b4617dc0 .part L_0x5569b4604010, 16, 5;
L_0x5569b4617e60 .part L_0x5569b4604010, 11, 5;
S_0x5569b45c5e90 .scope module, "CU" "control_unit" 4 102, 5 1 0, S_0x5569b45d4e50;
 .timescale 0 0;
    .port_info 0 /INPUT 6 "control";
    .port_info 1 /INPUT 6 "base";
    .port_info 2 /OUTPUT 1 "A";
    .port_info 3 /OUTPUT 1 "B";
    .port_info 4 /OUTPUT 1 "C";
    .port_info 5 /OUTPUT 1 "D";
    .port_info 6 /OUTPUT 1 "E";
    .port_info 7 /OUTPUT 1 "F";
    .port_info 8 /OUTPUT 1 "G";
    .port_info 9 /OUTPUT 3 "Control";
    .port_info 10 /OUTPUT 1 "I";
    .port_info 11 /OUTPUT 1 "J";
    .port_info 12 /OUTPUT 1 "Jr";
v0x5569b45c4500_0 .net "A", 0 0, v0x5569b45f3770_0;  alias, 1 drivers
v0x5569b45f2ec0_0 .var "ALUop", 1 0;
v0x5569b45f2fa0_0 .net "B", 0 0, v0x5569b45f3830_0;  alias, 1 drivers
v0x5569b45f3040_0 .net "C", 0 0, v0x5569b45f38f0_0;  alias, 1 drivers
v0x5569b45f3100_0 .var "Control", 2 0;
v0x5569b45f3230_0 .net "D", 0 0, v0x5569b45f39b0_0;  alias, 1 drivers
v0x5569b45f32f0_0 .net "E", 0 0, v0x5569b45f3a70_0;  alias, 1 drivers
v0x5569b45f33b0_0 .net "F", 0 0, v0x5569b45f3b30_0;  alias, 1 drivers
v0x5569b45f3470_0 .net "G", 0 0, v0x5569b45f3bf0_0;  alias, 1 drivers
v0x5569b45f3530_0 .net "I", 0 0, v0x5569b45f3cb0_0;  alias, 1 drivers
v0x5569b45f35f0_0 .net "J", 0 0, v0x5569b45f3d70_0;  alias, 1 drivers
v0x5569b45f36b0_0 .net "Jr", 0 0, v0x5569b45f3e30_0;  alias, 1 drivers
v0x5569b45f3770_0 .var "TA", 0 0;
v0x5569b45f3830_0 .var "TB", 0 0;
v0x5569b45f38f0_0 .var "TC", 0 0;
v0x5569b45f39b0_0 .var "TD", 0 0;
v0x5569b45f3a70_0 .var "TE", 0 0;
v0x5569b45f3b30_0 .var "TF", 0 0;
v0x5569b45f3bf0_0 .var "TG", 0 0;
v0x5569b45f3cb0_0 .var "TI", 0 0;
v0x5569b45f3d70_0 .var "TJ", 0 0;
v0x5569b45f3e30_0 .var "TJr", 0 0;
v0x5569b45f3ef0_0 .net "base", 5 0, L_0x5569b4614ca0;  alias, 1 drivers
v0x5569b45f3fd0_0 .net "control", 5 0, L_0x5569b4614b20;  alias, 1 drivers
E_0x5569b456b8b0 .event edge, v0x5569b45f3fd0_0, v0x5569b45f2ec0_0, v0x5569b45f3ef0_0;
S_0x5569b45c7520 .scope module, "and1" "and_gate" 4 118, 6 1 0, S_0x5569b45d4e50;
 .timescale 0 0;
    .port_info 0 /INPUT 1 "a";
    .port_info 1 /INPUT 1 "b";
    .port_info 2 /OUTPUT 1 "out";
L_0x5569b4616ed0 .functor AND 1, L_0x5569b4616fd0, L_0x5569b4616e30, C4<1>, C4<1>;
v0x5569b45f4300_0 .net *"_ivl_2", 0 0, L_0x5569b4616ed0;  1 drivers
v0x5569b45f43e0_0 .net "a", 0 0, L_0x5569b4616fd0;  alias, 1 drivers
v0x5569b45f44a0_0 .net "b", 0 0, L_0x5569b4616e30;  alias, 1 drivers
v0x5569b45f4540_0 .var "out", 0 0;
E_0x5569b456b4d0 .event edge, L_0x5569b4616ed0;
S_0x5569b45c50f0 .scope module, "jump2" "jumppc" 4 126, 4 46 0, S_0x5569b45d4e50;
 .timescale 0 0;
    .port_info 0 /INPUT 26 "a";
    .port_info 1 /INPUT 32 "b1";
    .port_info 2 /INPUT 1 "I";
    .port_info 3 /INPUT 32 "A";
    .port_info 4 /INPUT 1 "Jr";
    .port_info 5 /OUTPUT 32 "out";
v0x5569b45f5c80_0 .net "A", 31 0, L_0x5569b46169a0;  alias, 1 drivers
v0x5569b45f5d70_0 .net "I", 0 0, v0x5569b45f3cb0_0;  alias, 1 drivers
v0x5569b45f5e60_0 .net "Jr", 0 0, v0x5569b45f3e30_0;  alias, 1 drivers
v0x5569b45f5f50_0 .net "TE", 31 0, L_0x5569b4617720;  1 drivers
v0x5569b45f6040_0 .net "TJ", 31 0, L_0x5569b4617470;  1 drivers
v0x5569b45f6180_0 .net "a", 25 0, L_0x5569b4616ab0;  alias, 1 drivers
v0x5569b45f6240_0 .net "b1", 31 0, L_0x5569b4617270;  alias, 1 drivers
v0x5569b45f62e0_0 .net "b2", 31 0, L_0x5569b46177c0;  1 drivers
v0x5569b45f63d0_0 .net "out", 31 0, L_0x5569b4617930;  alias, 1 drivers
S_0x5569b45c5410 .scope module, "jump1" "jump" 4 53, 4 5 0, S_0x5569b45c50f0;
 .timescale 0 0;
    .port_info 0 /INPUT 26 "in";
    .port_info 1 /OUTPUT 32 "out";
L_0x7fdaa0db02a0 .functor BUFT 1, C4<000000>, C4<0>, C4<0>, C4<0>;
v0x5569b45f47c0_0 .net/2u *"_ivl_0", 5 0, L_0x7fdaa0db02a0;  1 drivers
v0x5569b45f48c0_0 .net "in", 25 0, L_0x5569b4616ab0;  alias, 1 drivers
v0x5569b45f49a0_0 .net "out", 31 0, L_0x5569b4617470;  alias, 1 drivers
L_0x5569b4617470 .concat [ 26 6 0 0], L_0x5569b4616ab0, L_0x7fdaa0db02a0;
S_0x5569b45f4ac0 .scope module, "mux1" "mux2_32" 4 56, 2 36 0, S_0x5569b45c50f0;
 .timescale 0 0;
    .port_info 0 /INPUT 32 "d0";
    .port_info 1 /INPUT 32 "d1";
    .port_info 2 /INPUT 1 "a";
    .port_info 3 /OUTPUT 32 "out";
v0x5569b45f4ca0_0 .net "a", 0 0, v0x5569b45f3cb0_0;  alias, 1 drivers
v0x5569b45f4d70_0 .net "d0", 31 0, L_0x5569b4617270;  alias, 1 drivers
v0x5569b45f4e30_0 .net "d1", 31 0, L_0x5569b4617720;  alias, 1 drivers
v0x5569b45f4f20_0 .net "out", 31 0, L_0x5569b46177c0;  alias, 1 drivers
L_0x5569b46177c0 .functor MUXZ 32, L_0x5569b4617270, L_0x5569b4617720, v0x5569b45f3cb0_0, C4<>;
S_0x5569b45f50b0 .scope module, "mux2" "mux2_32" 4 57, 2 36 0, S_0x5569b45c50f0;
 .timescale 0 0;
    .port_info 0 /INPUT 32 "d0";
    .port_info 1 /INPUT 32 "d1";
    .port_info 2 /INPUT 1 "a";
    .port_info 3 /OUTPUT 32 "out";
v0x5569b45f52c0_0 .net "a", 0 0, v0x5569b45f3e30_0;  alias, 1 drivers
v0x5569b45f5390_0 .net "d0", 31 0, L_0x5569b46177c0;  alias, 1 drivers
v0x5569b45f5460_0 .net "d1", 31 0, L_0x5569b46169a0;  alias, 1 drivers
v0x5569b45f5530_0 .net "out", 31 0, L_0x5569b4617930;  alias, 1 drivers
L_0x5569b4617930 .functor MUXZ 32, L_0x5569b46177c0, L_0x5569b46169a0, v0x5569b45f3e30_0, C4<>;
S_0x5569b45f56c0 .scope module, "shl1" "shl_2" 4 54, 2 20 0, S_0x5569b45c50f0;
 .timescale 0 0;
    .port_info 0 /INPUT 32 "in";
    .port_info 1 /OUTPUT 32 "out";
v0x5569b45f58c0_0 .net *"_ivl_1", 29 0, L_0x5569b46175c0;  1 drivers
L_0x7fdaa0db02e8 .functor BUFT 1, C4<00>, C4<0>, C4<0>, C4<0>;
v0x5569b45f59c0_0 .net/2u *"_ivl_2", 1 0, L_0x7fdaa0db02e8;  1 drivers
v0x5569b45f5aa0_0 .net "in", 31 0, L_0x5569b4617470;  alias, 1 drivers
v0x5569b45f5b70_0 .net "out", 31 0, L_0x5569b4617720;  alias, 1 drivers
L_0x5569b46175c0 .part L_0x5569b4617470, 0, 30;
L_0x5569b4617720 .concat [ 2 30 0 0], L_0x7fdaa0db02e8, L_0x5569b46175c0;
S_0x5569b45f6530 .scope module, "mux1" "mux2_32" 4 92, 2 36 0, S_0x5569b45d4e50;
 .timescale 0 0;
    .port_info 0 /INPUT 32 "d0";
    .port_info 1 /INPUT 32 "d1";
    .port_info 2 /INPUT 1 "a";
    .port_info 3 /OUTPUT 32 "out";
v0x5569b45f6730_0 .net "a", 0 0, v0x5569b45f3770_0;  alias, 1 drivers
v0x5569b45f67f0_0 .net "d0", 31 0, v0x5569b45facd0_0;  alias, 1 drivers
v0x5569b45f68b0_0 .net "d1", 31 0, L_0x5569b46144a0;  alias, 1 drivers
v0x5569b45f69a0_0 .net "out", 31 0, L_0x5569b4615180;  alias, 1 drivers
L_0x5569b4615180 .functor MUXZ 32, v0x5569b45facd0_0, L_0x5569b46144a0, v0x5569b45f3770_0, C4<>;
S_0x5569b45f6b30 .scope module, "mux2" "mux2_32" 4 93, 2 36 0, S_0x5569b45d4e50;
 .timescale 0 0;
    .port_info 0 /INPUT 32 "d0";
    .port_info 1 /INPUT 32 "d1";
    .port_info 2 /INPUT 1 "a";
    .port_info 3 /OUTPUT 32 "out";
v0x5569b45f6dd0_0 .net "a", 0 0, v0x5569b45f3d70_0;  alias, 1 drivers
v0x5569b45f6e90_0 .net "d0", 31 0, L_0x5569b4615180;  alias, 1 drivers
v0x5569b45f6f60_0 .net "d1", 31 0, v0x5569b45f8ca0_0;  alias, 1 drivers
v0x5569b45f7030_0 .net "out", 31 0, L_0x5569b4615260;  alias, 1 drivers
L_0x5569b4615260 .functor MUXZ 32, L_0x5569b4615180, v0x5569b45f8ca0_0, v0x5569b45f3d70_0, C4<>;
S_0x5569b45f71c0 .scope module, "mux3" "mux2_1" 4 117, 2 2 0, S_0x5569b45d4e50;
 .timescale 0 0;
    .port_info 0 /INPUT 1 "d0";
    .port_info 1 /INPUT 1 "d1";
    .port_info 2 /INPUT 1 "a";
    .port_info 3 /OUTPUT 1 "out";
v0x5569b45f7410_0 .net "a", 0 0, v0x5569b45f39b0_0;  alias, 1 drivers
v0x5569b45f7500_0 .net "d0", 0 0, L_0x5569b46171d0;  alias, 1 drivers
v0x5569b45f75a0_0 .net "d1", 0 0, v0x5569b45fada0_0;  alias, 1 drivers
v0x5569b45f7670_0 .net "out", 0 0, L_0x5569b4616e30;  alias, 1 drivers
L_0x5569b4616e30 .functor MUXZ 1, L_0x5569b46171d0, v0x5569b45fada0_0, v0x5569b45f39b0_0, C4<>;
S_0x5569b45f77d0 .scope module, "mux4" "mux2_1" 4 121, 2 2 0, S_0x5569b45d4e50;
 .timescale 0 0;
    .port_info 0 /INPUT 1 "d0";
    .port_info 1 /INPUT 1 "d1";
    .port_info 2 /INPUT 1 "a";
    .port_info 3 /OUTPUT 1 "out";
v0x5569b45f7a20_0 .net "a", 0 0, v0x5569b45fada0_0;  alias, 1 drivers
v0x5569b45f7b10_0 .net "d0", 0 0, v0x5569b45f38f0_0;  alias, 1 drivers
v0x5569b45f7be0_0 .net "d1", 0 0, v0x5569b45f39b0_0;  alias, 1 drivers
v0x5569b45f7d00_0 .net "out", 0 0, L_0x5569b4616fd0;  alias, 1 drivers
L_0x5569b4616fd0 .functor MUXZ 1, v0x5569b45f38f0_0, v0x5569b45f39b0_0, v0x5569b45fada0_0, C4<>;
S_0x5569b45f7dd0 .scope module, "mux5" "mux2_32" 4 124, 2 36 0, S_0x5569b45d4e50;
 .timescale 0 0;
    .port_info 0 /INPUT 32 "d0";
    .port_info 1 /INPUT 32 "d1";
    .port_info 2 /INPUT 1 "a";
    .port_info 3 /OUTPUT 32 "out";
v0x5569b45f8020_0 .net "a", 0 0, v0x5569b45f4540_0;  alias, 1 drivers
v0x5569b45f8110_0 .net "d0", 31 0, v0x5569b45f8ca0_0;  alias, 1 drivers
v0x5569b45f81e0_0 .net "d1", 31 0, v0x5569b45f94d0_0;  alias, 1 drivers
v0x5569b45f82b0_0 .net "out", 31 0, L_0x5569b4617270;  alias, 1 drivers
L_0x5569b4617270 .functor MUXZ 32, v0x5569b45f8ca0_0, v0x5569b45f94d0_0, v0x5569b45f4540_0, C4<>;
S_0x5569b45f8440 .scope module, "npc" "newpc" 4 115, 4 36 0, S_0x5569b45d4e50;
 .timescale 0 0;
    .port_info 0 /INPUT 32 "const";
    .port_info 1 /INPUT 32 "pc";
    .port_info 2 /OUTPUT 32 "out1";
    .port_info 3 /OUTPUT 32 "out2";
v0x5569b45f9d70_0 .net "const", 31 0, L_0x5569b4616900;  alias, 1 drivers
v0x5569b45f9e60_0 .net "f", 31 0, L_0x5569b4616d90;  1 drivers
v0x5569b45f9f50_0 .net "g1", 0 0, v0x5569b45f8db0_0;  1 drivers
v0x5569b45fa020_0 .net "g2", 0 0, v0x5569b45f95c0_0;  1 drivers
v0x5569b45fa0f0_0 .net "out1", 31 0, v0x5569b45f8ca0_0;  alias, 1 drivers
v0x5569b45fa270_0 .net "out2", 31 0, v0x5569b45f94d0_0;  alias, 1 drivers
v0x5569b45fa310_0 .net "pc", 31 0, v0x5569b4602c60_0;  alias, 1 drivers
S_0x5569b45f8720 .scope module, "alu1" "alu_gate" 4 42, 6 10 0, S_0x5569b45f8440;
 .timescale 0 0;
    .port_info 0 /INPUT 32 "a";
    .port_info 1 /INPUT 32 "b";
    .port_info 2 /INPUT 3 "control";
    .port_info 3 /OUTPUT 32 "out";
    .port_info 4 /OUTPUT 1 "zero";
v0x5569b45f89d0_0 .net "a", 31 0, v0x5569b4602c60_0;  alias, 1 drivers
L_0x7fdaa0db01c8 .functor BUFT 1, C4<00000000000000000000000000000100>, C4<0>, C4<0>, C4<0>;
v0x5569b45f8ad0_0 .net "b", 31 0, L_0x7fdaa0db01c8;  1 drivers
L_0x7fdaa0db0210 .functor BUFT 1, C4<010>, C4<0>, C4<0>, C4<0>;
v0x5569b45f8bb0_0 .net "control", 2 0, L_0x7fdaa0db0210;  1 drivers
v0x5569b45f8ca0_0 .var "out", 31 0;
v0x5569b45f8db0_0 .var "zero", 0 0;
E_0x5569b456b660 .event edge, v0x5569b45f8bb0_0, v0x5569b45f89d0_0, v0x5569b45f8ad0_0, v0x5569b45f6f60_0;
S_0x5569b45f8f60 .scope module, "alu2" "alu_gate" 4 43, 6 10 0, S_0x5569b45f8440;
 .timescale 0 0;
    .port_info 0 /INPUT 32 "a";
    .port_info 1 /INPUT 32 "b";
    .port_info 2 /INPUT 3 "control";
    .port_info 3 /OUTPUT 32 "out";
    .port_info 4 /OUTPUT 1 "zero";
v0x5569b45f9250_0 .net "a", 31 0, v0x5569b45f8ca0_0;  alias, 1 drivers
v0x5569b45f9330_0 .net "b", 31 0, L_0x5569b4616d90;  alias, 1 drivers
L_0x7fdaa0db0258 .functor BUFT 1, C4<010>, C4<0>, C4<0>, C4<0>;
v0x5569b45f9410_0 .net "control", 2 0, L_0x7fdaa0db0258;  1 drivers
v0x5569b45f94d0_0 .var "out", 31 0;
v0x5569b45f95c0_0 .var "zero", 0 0;
E_0x5569b45f91e0 .event edge, v0x5569b45f9410_0, v0x5569b45f6f60_0, v0x5569b45f9330_0, v0x5569b45f81e0_0;
S_0x5569b45f9750 .scope module, "shl1" "shl_2" 4 41, 2 20 0, S_0x5569b45f8440;
 .timescale 0 0;
    .port_info 0 /INPUT 32 "in";
    .port_info 1 /OUTPUT 32 "out";
v0x5569b45f9970_0 .net *"_ivl_1", 29 0, L_0x5569b4616cf0;  1 drivers
L_0x7fdaa0db0180 .functor BUFT 1, C4<00>, C4<0>, C4<0>, C4<0>;
v0x5569b45f9a70_0 .net/2u *"_ivl_2", 1 0, L_0x7fdaa0db0180;  1 drivers
v0x5569b45f9b50_0 .net "in", 31 0, L_0x5569b4616900;  alias, 1 drivers
v0x5569b45f9c40_0 .net "out", 31 0, L_0x5569b4616d90;  alias, 1 drivers
L_0x5569b4616cf0 .part L_0x5569b4616900, 0, 30;
L_0x5569b4616d90 .concat [ 2 30 0 0], L_0x7fdaa0db0180, L_0x5569b4616cf0;
S_0x5569b45fa410 .scope module, "oper1" "oper" 4 113, 4 23 0, S_0x5569b45d4e50;
 .timescale 0 0;
    .port_info 0 /INPUT 32 "register_rd1";
    .port_info 1 /INPUT 32 "register_rd2";
    .port_info 2 /INPUT 32 "const";
    .port_info 3 /INPUT 1 "a";
    .port_info 4 /INPUT 3 "control";
    .port_info 5 /OUTPUT 32 "out";
    .port_info 6 /OUTPUT 1 "zero";
L_0x5569b4616b80 .functor BUFZ 32, L_0x5569b4614780, C4<00000000000000000000000000000000>, C4<00000000000000000000000000000000>, C4<00000000000000000000000000000000>;
v0x5569b45fb5a0_0 .net "A", 31 0, L_0x5569b4616b80;  1 drivers
v0x5569b45fb680_0 .net "B", 31 0, L_0x5569b4616c10;  1 drivers
v0x5569b45fb770_0 .net "a", 0 0, v0x5569b45f3a70_0;  alias, 1 drivers
v0x5569b45fb860_0 .net "const", 31 0, L_0x5569b4616900;  alias, 1 drivers
v0x5569b45fb900_0 .net "control", 2 0, v0x5569b45f3100_0;  alias, 1 drivers
v0x5569b45fba60_0 .net "out", 31 0, v0x5569b45facd0_0;  alias, 1 drivers
v0x5569b45fbb70_0 .net "register_rd1", 31 0, L_0x5569b4614780;  alias, 1 drivers
v0x5569b45fbc50_0 .net "register_rd2", 31 0, L_0x5569b4614a60;  alias, 1 drivers
v0x5569b45fbd10_0 .net "zero", 0 0, v0x5569b45fada0_0;  alias, 1 drivers
S_0x5569b45fa6e0 .scope module, "alu1" "alu_gate" 4 33, 6 10 0, S_0x5569b45fa410;
 .timescale 0 0;
    .port_info 0 /INPUT 32 "a";
    .port_info 1 /INPUT 32 "b";
    .port_info 2 /INPUT 3 "control";
    .port_info 3 /OUTPUT 32 "out";
    .port_info 4 /OUTPUT 1 "zero";
v0x5569b45fa9f0_0 .net "a", 31 0, L_0x5569b4616b80;  alias, 1 drivers
v0x5569b45faaf0_0 .net "b", 31 0, L_0x5569b4616c10;  alias, 1 drivers
v0x5569b45fabd0_0 .net "control", 2 0, v0x5569b45f3100_0;  alias, 1 drivers
v0x5569b45facd0_0 .var "out", 31 0;
v0x5569b45fada0_0 .var "zero", 0 0;
E_0x5569b45fa960 .event edge, v0x5569b45f3100_0, v0x5569b45fa9f0_0, v0x5569b45faaf0_0, v0x5569b45f67f0_0;
S_0x5569b45faf60 .scope module, "mux1" "mux2_32" 4 32, 2 36 0, S_0x5569b45fa410;
 .timescale 0 0;
    .port_info 0 /INPUT 32 "d0";
    .port_info 1 /INPUT 32 "d1";
    .port_info 2 /INPUT 1 "a";
    .port_info 3 /OUTPUT 32 "out";
v0x5569b45fb1d0_0 .net "a", 0 0, v0x5569b45f3a70_0;  alias, 1 drivers
v0x5569b45fb270_0 .net "d0", 31 0, L_0x5569b4614a60;  alias, 1 drivers
v0x5569b45fb330_0 .net "d1", 31 0, L_0x5569b4616900;  alias, 1 drivers
v0x5569b45fb450_0 .net "out", 31 0, L_0x5569b4616c10;  alias, 1 drivers
L_0x5569b4616c10 .functor MUXZ 32, L_0x5569b4614a60, L_0x5569b4616900, v0x5569b45f3a70_0, C4<>;
S_0x5569b45fbf40 .scope module, "re1" "read" 4 104, 4 12 0, S_0x5569b45d4e50;
 .timescale 0 0;
    .port_info 0 /INPUT 5 "a";
    .port_info 1 /INPUT 5 "b";
    .port_info 2 /INPUT 1 "RD";
    .port_info 3 /INPUT 1 "J";
    .port_info 4 /OUTPUT 5 "out";
v0x5569b45fce40_0 .net "J", 0 0, v0x5569b45f3d70_0;  alias, 1 drivers
v0x5569b45fcf00_0 .net "RD", 0 0, v0x5569b45f3b30_0;  alias, 1 drivers
v0x5569b45fd010_0 .net "TRW", 4 0, L_0x5569b46160b0;  1 drivers
v0x5569b45fd100_0 .net "a", 4 0, L_0x5569b4617dc0;  alias, 1 drivers
v0x5569b45fd1a0_0 .net "b", 4 0, L_0x5569b4617e60;  alias, 1 drivers
v0x5569b45fd290_0 .net "out", 4 0, L_0x5569b4616150;  alias, 1 drivers
S_0x5569b45fc150 .scope module, "mux1" "mux2_5" 4 19, 2 44 0, S_0x5569b45fbf40;
 .timescale 0 0;
    .port_info 0 /INPUT 5 "d0";
    .port_info 1 /INPUT 5 "d1";
    .port_info 2 /INPUT 1 "a";
    .port_info 3 /OUTPUT 5 "out";
v0x5569b45fc3c0_0 .net "a", 0 0, v0x5569b45f3b30_0;  alias, 1 drivers
v0x5569b45fc480_0 .net "d0", 4 0, L_0x5569b4617dc0;  alias, 1 drivers
v0x5569b45fc540_0 .net "d1", 4 0, L_0x5569b4617e60;  alias, 1 drivers
v0x5569b45fc630_0 .net "out", 4 0, L_0x5569b46160b0;  alias, 1 drivers
L_0x5569b46160b0 .functor MUXZ 5, L_0x5569b4617dc0, L_0x5569b4617e60, v0x5569b45f3b30_0, C4<>;
S_0x5569b45fc7c0 .scope module, "mux2" "mux2_5" 4 20, 2 44 0, S_0x5569b45fbf40;
 .timescale 0 0;
    .port_info 0 /INPUT 5 "d0";
    .port_info 1 /INPUT 5 "d1";
    .port_info 2 /INPUT 1 "a";
    .port_info 3 /OUTPUT 5 "out";
v0x5569b45fca30_0 .net "a", 0 0, v0x5569b45f3d70_0;  alias, 1 drivers
v0x5569b45fcb20_0 .net "d0", 4 0, L_0x5569b46160b0;  alias, 1 drivers
L_0x7fdaa0db0138 .functor BUFT 1, C4<11111>, C4<0>, C4<0>, C4<0>;
v0x5569b45fcbe0_0 .net "d1", 4 0, L_0x7fdaa0db0138;  1 drivers
v0x5569b45fccb0_0 .net "out", 4 0, L_0x5569b4616150;  alias, 1 drivers
L_0x5569b4616150 .functor MUXZ 5, L_0x5569b46160b0, L_0x7fdaa0db0138, v0x5569b45f3d70_0, C4<>;
S_0x5569b45fd3e0 .scope module, "se" "sign_extend" 4 106, 2 11 0, S_0x5569b45d4e50;
 .timescale 0 0;
    .port_info 0 /INPUT 16 "in";
    .port_info 1 /OUTPUT 32 "out";
v0x5569b45fd5e0_0 .net *"_ivl_1", 0 0, L_0x5569b4616380;  1 drivers
v0x5569b45fd6e0_0 .net *"_ivl_2", 15 0, L_0x5569b4616420;  1 drivers
v0x5569b45fd7c0_0 .net "in", 15 0, L_0x5569b4616a10;  alias, 1 drivers
v0x5569b45fd880_0 .net "out", 31 0, L_0x5569b4616900;  alias, 1 drivers
L_0x5569b4616380 .part L_0x5569b4616a10, 15, 1;
LS_0x5569b4616420_0_0 .concat [ 1 1 1 1], L_0x5569b4616380, L_0x5569b4616380, L_0x5569b4616380, L_0x5569b4616380;
LS_0x5569b4616420_0_4 .concat [ 1 1 1 1], L_0x5569b4616380, L_0x5569b4616380, L_0x5569b4616380, L_0x5569b4616380;
LS_0x5569b4616420_0_8 .concat [ 1 1 1 1], L_0x5569b4616380, L_0x5569b4616380, L_0x5569b4616380, L_0x5569b4616380;
LS_0x5569b4616420_0_12 .concat [ 1 1 1 1], L_0x5569b4616380, L_0x5569b4616380, L_0x5569b4616380, L_0x5569b4616380;
L_0x5569b4616420 .concat [ 4 4 4 4], LS_0x5569b4616420_0_0, LS_0x5569b4616420_0_4, LS_0x5569b4616420_0_8, LS_0x5569b4616420_0_12;
L_0x5569b4616900 .concat [ 16 16 0 0], L_0x5569b4616a10, L_0x5569b4616420;
S_0x5569b46003d0 .scope module, "cpu_data_memory" "data_memory" 3 20, 7 1 0, S_0x5569b45c8930;
 .timescale 0 0;
    .port_info 0 /INPUT 32 "a";
    .port_info 1 /INPUT 1 "we";
    .port_info 2 /INPUT 1 "clk";
    .port_info 3 /INPUT 32 "wd";
    .port_info 4 /OUTPUT 32 "rd";
L_0x5569b46144a0 .functor BUFZ 32, L_0x5569b46142c0, C4<00000000000000000000000000000000>, C4<00000000000000000000000000000000>, C4<00000000000000000000000000000000>;
v0x5569b4600660_0 .net *"_ivl_0", 31 0, L_0x5569b46142c0;  1 drivers
L_0x7fdaa0db0060 .functor BUFT 1, C4<00000000000000000000000000000100>, C4<0>, C4<0>, C4<0>;
v0x5569b4600760_0 .net/2u *"_ivl_2", 31 0, L_0x7fdaa0db0060;  1 drivers
v0x5569b4600840_0 .net *"_ivl_4", 31 0, L_0x5569b4614360;  1 drivers
v0x5569b4600900_0 .net "a", 31 0, L_0x5569b4614ed0;  alias, 1 drivers
v0x5569b46009c0_0 .net "clk", 0 0, v0x5569b4602d80_0;  alias, 1 drivers
v0x5569b4600ab0_0 .var/i "i", 31 0;
v0x5569b4600b50 .array "ram", 2047 0, 31 0;
v0x5569b4600c10_0 .net "rd", 31 0, L_0x5569b46144a0;  alias, 1 drivers
v0x5569b4600d20_0 .net "wd", 31 0, L_0x5569b4615080;  alias, 1 drivers
v0x5569b4600de0_0 .net "we", 0 0, L_0x5569b4615110;  alias, 1 drivers
E_0x5569b4600600 .event posedge, v0x5569b45fec40_0;
L_0x5569b46142c0 .array/port v0x5569b4600b50, L_0x5569b4614360;
L_0x5569b4614360 .arith/div 32, L_0x5569b4614ed0, L_0x7fdaa0db0060;
S_0x5569b4600ee0 .scope module, "cpu_instruction_memory" "instruction_memory" 3 12, 7 34 0, S_0x5569b45c8930;
 .timescale 0 0;
    .port_info 0 /INPUT 32 "a";
    .port_info 1 /OUTPUT 32 "rd";
L_0x5569b4604010 .functor BUFZ 32, L_0x5569b4604080, C4<00000000000000000000000000000000>, C4<00000000000000000000000000000000>, C4<00000000000000000000000000000000>;
v0x5569b46010b0_0 .net *"_ivl_0", 31 0, L_0x5569b4604080;  1 drivers
L_0x7fdaa0db0018 .functor BUFT 1, C4<00000000000000000000000000000100>, C4<0>, C4<0>, C4<0>;
v0x5569b46011b0_0 .net/2u *"_ivl_2", 31 0, L_0x7fdaa0db0018;  1 drivers
v0x5569b4601290_0 .net *"_ivl_4", 31 0, L_0x5569b4614130;  1 drivers
v0x5569b4601350_0 .net "a", 31 0, L_0x5569b4614d40;  alias, 1 drivers
v0x5569b4601440 .array "ram", 63 0, 31 0;
v0x5569b4601530_0 .net "rd", 31 0, L_0x5569b4604010;  alias, 1 drivers
L_0x5569b4604080 .array/port v0x5569b4601440, L_0x5569b4614130;
L_0x5569b4614130 .arith/div 32, L_0x5569b4614d40, L_0x7fdaa0db0018;
S_0x5569b4601630 .scope module, "cpu_register" "register_file" 3 26, 8 1 0, S_0x5569b45c8930;
 .timescale 0 0;
    .port_info 0 /INPUT 1 "clk";
    .port_info 1 /INPUT 1 "we3";
    .port_info 2 /INPUT 5 "a1";
    .port_info 3 /INPUT 5 "a2";
    .port_info 4 /INPUT 5 "a3";
    .port_info 5 /INPUT 32 "wd3";
    .port_info 6 /OUTPUT 32 "rd1";
    .port_info 7 /OUTPUT 32 "rd2";
L_0x5569b4614780 .functor BUFZ 32, L_0x5569b46145a0, C4<00000000000000000000000000000000>, C4<00000000000000000000000000000000>, C4<00000000000000000000000000000000>;
L_0x5569b4614a60 .functor BUFZ 32, L_0x5569b4614880, C4<00000000000000000000000000000000>, C4<00000000000000000000000000000000>, C4<00000000000000000000000000000000>;
v0x5569b4601930_0 .net *"_ivl_0", 31 0, L_0x5569b46145a0;  1 drivers
v0x5569b4601a10_0 .net *"_ivl_10", 6 0, L_0x5569b4614920;  1 drivers
L_0x7fdaa0db00f0 .functor BUFT 1, C4<00>, C4<0>, C4<0>, C4<0>;
v0x5569b4601af0_0 .net *"_ivl_13", 1 0, L_0x7fdaa0db00f0;  1 drivers
v0x5569b4601be0_0 .net *"_ivl_2", 6 0, L_0x5569b4614640;  1 drivers
L_0x7fdaa0db00a8 .functor BUFT 1, C4<00>, C4<0>, C4<0>, C4<0>;
v0x5569b4601cc0_0 .net *"_ivl_5", 1 0, L_0x7fdaa0db00a8;  1 drivers
v0x5569b4601df0_0 .net *"_ivl_8", 31 0, L_0x5569b4614880;  1 drivers
v0x5569b4601ed0_0 .net "a1", 4 0, L_0x5569b4615460;  alias, 1 drivers
v0x5569b4601f90_0 .net "a2", 4 0, L_0x5569b46155c0;  alias, 1 drivers
v0x5569b4602060_0 .net "a3", 4 0, L_0x5569b46156c0;  alias, 1 drivers
v0x5569b46021c0_0 .net "clk", 0 0, v0x5569b4602d80_0;  alias, 1 drivers
v0x5569b4602260_0 .var/i "i", 31 0;
v0x5569b4602320 .array "mem", 31 0, 31 0;
v0x5569b46023e0_0 .net "rd1", 31 0, L_0x5569b4614780;  alias, 1 drivers
v0x5569b46024f0_0 .net "rd2", 31 0, L_0x5569b4614a60;  alias, 1 drivers
v0x5569b46025b0_0 .net "wd3", 31 0, L_0x5569b4615260;  alias, 1 drivers
v0x5569b46026c0_0 .net "we3", 0 0, L_0x5569b4614e40;  alias, 1 drivers
L_0x5569b46145a0 .array/port v0x5569b4602320, L_0x5569b4614640;
L_0x5569b4614640 .concat [ 5 2 0 0], L_0x5569b4615460, L_0x7fdaa0db00a8;
L_0x5569b4614880 .array/port v0x5569b4602320, L_0x5569b4614920;
L_0x5569b4614920 .concat [ 5 2 0 0], L_0x5569b46155c0, L_0x7fdaa0db00f0;
S_0x5569b4602890 .scope module, "program_counter" "d_flop" 3 18, 9 1 0, S_0x5569b45c8930;
 .timescale 0 0;
    .port_info 0 /INPUT 32 "d";
    .port_info 1 /INPUT 1 "clk";
    .port_info 2 /OUTPUT 32 "q";
v0x5569b4602ae0_0 .net "clk", 0 0, v0x5569b4602d80_0;  alias, 1 drivers
v0x5569b4602ba0_0 .net "d", 31 0, L_0x5569b4617930;  alias, 1 drivers
v0x5569b4602c60_0 .var "q", 31 0;
    .scope S_0x5569b4600ee0;
T_0 ;
    %vpi_call 7 45 "$readmemb", "instructions.dat", v0x5569b4601440 {0 0 0};
    %end;
    .thread T_0;
    .scope S_0x5569b4602890;
T_1 ;
    %pushi/vec4 0, 0, 32;
    %assign/vec4 v0x5569b4602c60_0, 0;
    %end;
    .thread T_1;
    .scope S_0x5569b4602890;
T_2 ;
    %wait E_0x5569b4600600;
    %load/vec4 v0x5569b4602ba0_0;
    %assign/vec4 v0x5569b4602c60_0, 0;
    %jmp T_2;
    .thread T_2;
    .scope S_0x5569b46003d0;
T_3 ;
    %pushi/vec4 0, 0, 32;
    %store/vec4 v0x5569b4600ab0_0, 0, 32;
T_3.0 ;
    %load/vec4 v0x5569b4600ab0_0;
    %cmpi/s 2048, 0, 32;
    %jmp/0xz T_3.1, 5;
    %pushi/vec4 0, 0, 32;
    %ix/getv/s 4, v0x5569b4600ab0_0;
    %store/vec4a v0x5569b4600b50, 4, 0;
    %load/vec4 v0x5569b4600ab0_0;
    %addi 1, 0, 32;
    %store/vec4 v0x5569b4600ab0_0, 0, 32;
    %jmp T_3.0;
T_3.1 ;
    %end;
    .thread T_3;
    .scope S_0x5569b46003d0;
T_4 ;
    %wait E_0x5569b4600600;
    %load/vec4 v0x5569b4600de0_0;
    %flag_set/vec4 8;
    %jmp/0xz  T_4.0, 8;
    %load/vec4 v0x5569b4600d20_0;
    %load/vec4 v0x5569b4600900_0;
    %pushi/vec4 4, 0, 32;
    %div;
    %ix/vec4 4;
    %store/vec4a v0x5569b4600b50, 4, 0;
T_4.0 ;
    %jmp T_4;
    .thread T_4;
    .scope S_0x5569b4601630;
T_5 ;
    %pushi/vec4 0, 0, 32;
    %store/vec4 v0x5569b4602260_0, 0, 32;
T_5.0 ;
    %load/vec4 v0x5569b4602260_0;
    %cmpi/s 32, 0, 32;
    %jmp/0xz T_5.1, 5;
    %pushi/vec4 0, 0, 32;
    %ix/getv/s 4, v0x5569b4602260_0;
    %store/vec4a v0x5569b4602320, 4, 0;
    %load/vec4 v0x5569b4602260_0;
    %addi 1, 0, 32;
    %store/vec4 v0x5569b4602260_0, 0, 32;
    %jmp T_5.0;
T_5.1 ;
    %end;
    .thread T_5;
    .scope S_0x5569b4601630;
T_6 ;
    %wait E_0x5569b4600600;
    %load/vec4 v0x5569b46026c0_0;
    %flag_set/vec4 8;
    %jmp/0xz  T_6.0, 8;
    %load/vec4 v0x5569b46025b0_0;
    %load/vec4 v0x5569b4602060_0;
    %pad/u 7;
    %ix/vec4 4;
    %store/vec4a v0x5569b4602320, 4, 0;
T_6.0 ;
    %jmp T_6;
    .thread T_6;
    .scope S_0x5569b45c5e90;
T_7 ;
    %wait E_0x5569b456b8b0;
    %load/vec4 v0x5569b45f3fd0_0;
    %pad/u 32;
    %cmpi/e 0, 0, 32;
    %jmp/0xz  T_7.0, 4;
    %pushi/vec4 0, 0, 1;
    %store/vec4 v0x5569b45f38f0_0, 0, 1;
    %pushi/vec4 0, 0, 1;
    %store/vec4 v0x5569b45f39b0_0, 0, 1;
    %pushi/vec4 0, 0, 1;
    %store/vec4 v0x5569b45f3830_0, 0, 1;
    %pushi/vec4 2, 0, 2;
    %store/vec4 v0x5569b45f2ec0_0, 0, 2;
    %pushi/vec4 0, 0, 1;
    %store/vec4 v0x5569b45f3cb0_0, 0, 1;
    %pushi/vec4 0, 0, 1;
    %store/vec4 v0x5569b45f3e30_0, 0, 1;
    %pushi/vec4 1, 0, 1;
    %store/vec4 v0x5569b45f3bf0_0, 0, 1;
    %pushi/vec4 1, 0, 1;
    %store/vec4 v0x5569b45f3b30_0, 0, 1;
    %pushi/vec4 0, 0, 1;
    %store/vec4 v0x5569b45f3a70_0, 0, 1;
    %pushi/vec4 0, 0, 1;
    %store/vec4 v0x5569b45f3770_0, 0, 1;
    %pushi/vec4 0, 0, 1;
    %store/vec4 v0x5569b45f3d70_0, 0, 1;
    %jmp T_7.1;
T_7.0 ;
    %load/vec4 v0x5569b45f3fd0_0;
    %pad/u 32;
    %cmpi/e 2, 0, 32;
    %jmp/0xz  T_7.2, 4;
    %pushi/vec4 0, 0, 1;
    %store/vec4 v0x5569b45f38f0_0, 0, 1;
    %pushi/vec4 0, 0, 1;
    %store/vec4 v0x5569b45f39b0_0, 0, 1;
    %pushi/vec4 0, 0, 1;
    %store/vec4 v0x5569b45f3830_0, 0, 1;
    %pushi/vec4 2, 0, 2;
    %store/vec4 v0x5569b45f2ec0_0, 0, 2;
    %pushi/vec4 1, 0, 1;
    %store/vec4 v0x5569b45f3cb0_0, 0, 1;
    %pushi/vec4 0, 0, 1;
    %store/vec4 v0x5569b45f3e30_0, 0, 1;
    %pushi/vec4 0, 0, 1;
    %store/vec4 v0x5569b45f3bf0_0, 0, 1;
    %pushi/vec4 0, 0, 1;
    %store/vec4 v0x5569b45f3b30_0, 0, 1;
    %pushi/vec4 0, 0, 1;
    %store/vec4 v0x5569b45f3a70_0, 0, 1;
    %pushi/vec4 0, 0, 1;
    %store/vec4 v0x5569b45f3770_0, 0, 1;
    %pushi/vec4 0, 0, 1;
    %store/vec4 v0x5569b45f3d70_0, 0, 1;
    %jmp T_7.3;
T_7.2 ;
    %load/vec4 v0x5569b45f3fd0_0;
    %pad/u 32;
    %cmpi/e 3, 0, 32;
    %jmp/0xz  T_7.4, 4;
    %pushi/vec4 0, 0, 1;
    %store/vec4 v0x5569b45f38f0_0, 0, 1;
    %pushi/vec4 0, 0, 1;
    %store/vec4 v0x5569b45f39b0_0, 0, 1;
    %pushi/vec4 0, 0, 1;
    %store/vec4 v0x5569b45f3830_0, 0, 1;
    %pushi/vec4 2, 0, 2;
    %store/vec4 v0x5569b45f2ec0_0, 0, 2;
    %pushi/vec4 1, 0, 1;
    %store/vec4 v0x5569b45f3cb0_0, 0, 1;
    %pushi/vec4 0, 0, 1;
    %store/vec4 v0x5569b45f3e30_0, 0, 1;
    %pushi/vec4 1, 0, 1;
    %store/vec4 v0x5569b45f3bf0_0, 0, 1;
    %pushi/vec4 0, 0, 1;
    %store/vec4 v0x5569b45f3b30_0, 0, 1;
    %pushi/vec4 0, 0, 1;
    %store/vec4 v0x5569b45f3a70_0, 0, 1;
    %pushi/vec4 0, 0, 1;
    %store/vec4 v0x5569b45f3770_0, 0, 1;
    %pushi/vec4 1, 0, 1;
    %store/vec4 v0x5569b45f3d70_0, 0, 1;
    %jmp T_7.5;
T_7.4 ;
    %load/vec4 v0x5569b45f3fd0_0;
    %pad/u 32;
    %cmpi/e 4, 0, 32;
    %jmp/0xz  T_7.6, 4;
    %pushi/vec4 0, 0, 1;
    %store/vec4 v0x5569b45f38f0_0, 0, 1;
    %pushi/vec4 1, 0, 1;
    %store/vec4 v0x5569b45f39b0_0, 0, 1;
    %pushi/vec4 0, 0, 1;
    %store/vec4 v0x5569b45f3830_0, 0, 1;
    %pushi/vec4 1, 0, 2;
    %store/vec4 v0x5569b45f2ec0_0, 0, 2;
    %pushi/vec4 0, 0, 1;
    %store/vec4 v0x5569b45f3cb0_0, 0, 1;
    %pushi/vec4 0, 0, 1;
    %store/vec4 v0x5569b45f3e30_0, 0, 1;
    %pushi/vec4 0, 0, 1;
    %store/vec4 v0x5569b45f3bf0_0, 0, 1;
    %pushi/vec4 0, 0, 1;
    %store/vec4 v0x5569b45f3b30_0, 0, 1;
    %pushi/vec4 0, 0, 1;
    %store/vec4 v0x5569b45f3a70_0, 0, 1;
    %pushi/vec4 0, 0, 1;
    %store/vec4 v0x5569b45f3770_0, 0, 1;
    %pushi/vec4 0, 0, 1;
    %store/vec4 v0x5569b45f3d70_0, 0, 1;
    %jmp T_7.7;
T_7.6 ;
    %load/vec4 v0x5569b45f3fd0_0;
    %pad/u 32;
    %cmpi/e 5, 0, 32;
    %jmp/0xz  T_7.8, 4;
    %pushi/vec4 1, 0, 1;
    %store/vec4 v0x5569b45f38f0_0, 0, 1;
    %pushi/vec4 0, 0, 1;
    %store/vec4 v0x5569b45f39b0_0, 0, 1;
    %pushi/vec4 0, 0, 1;
    %store/vec4 v0x5569b45f3830_0, 0, 1;
    %pushi/vec4 1, 0, 2;
    %store/vec4 v0x5569b45f2ec0_0, 0, 2;
    %pushi/vec4 0, 0, 1;
    %store/vec4 v0x5569b45f3cb0_0, 0, 1;
    %pushi/vec4 0, 0, 1;
    %store/vec4 v0x5569b45f3e30_0, 0, 1;
    %pushi/vec4 0, 0, 1;
    %store/vec4 v0x5569b45f3bf0_0, 0, 1;
    %pushi/vec4 0, 0, 1;
    %store/vec4 v0x5569b45f3b30_0, 0, 1;
    %pushi/vec4 0, 0, 1;
    %store/vec4 v0x5569b45f3a70_0, 0, 1;
    %pushi/vec4 0, 0, 1;
    %store/vec4 v0x5569b45f3770_0, 0, 1;
    %pushi/vec4 0, 0, 1;
    %store/vec4 v0x5569b45f3d70_0, 0, 1;
    %jmp T_7.9;
T_7.8 ;
    %load/vec4 v0x5569b45f3fd0_0;
    %pad/u 32;
    %cmpi/e 8, 0, 32;
    %jmp/0xz  T_7.10, 4;
    %pushi/vec4 0, 0, 1;
    %store/vec4 v0x5569b45f38f0_0, 0, 1;
    %pushi/vec4 0, 0, 1;
    %store/vec4 v0x5569b45f39b0_0, 0, 1;
    %pushi/vec4 0, 0, 1;
    %store/vec4 v0x5569b45f3830_0, 0, 1;
    %pushi/vec4 0, 0, 2;
    %store/vec4 v0x5569b45f2ec0_0, 0, 2;
    %pushi/vec4 0, 0, 1;
    %store/vec4 v0x5569b45f3cb0_0, 0, 1;
    %pushi/vec4 0, 0, 1;
    %store/vec4 v0x5569b45f3e30_0, 0, 1;
    %pushi/vec4 1, 0, 1;
    %store/vec4 v0x5569b45f3bf0_0, 0, 1;
    %pushi/vec4 0, 0, 1;
    %store/vec4 v0x5569b45f3b30_0, 0, 1;
    %pushi/vec4 1, 0, 1;
    %store/vec4 v0x5569b45f3a70_0, 0, 1;
    %pushi/vec4 0, 0, 1;
    %store/vec4 v0x5569b45f3770_0, 0, 1;
    %pushi/vec4 0, 0, 1;
    %store/vec4 v0x5569b45f3d70_0, 0, 1;
    %jmp T_7.11;
T_7.10 ;
    %load/vec4 v0x5569b45f3fd0_0;
    %pad/u 32;
    %cmpi/e 12, 0, 32;
    %jmp/0xz  T_7.12, 4;
    %pushi/vec4 0, 0, 1;
    %store/vec4 v0x5569b45f38f0_0, 0, 1;
    %pushi/vec4 0, 0, 1;
    %store/vec4 v0x5569b45f39b0_0, 0, 1;
    %pushi/vec4 0, 0, 1;
    %store/vec4 v0x5569b45f3830_0, 0, 1;
    %pushi/vec4 3, 0, 2;
    %store/vec4 v0x5569b45f2ec0_0, 0, 2;
    %pushi/vec4 0, 0, 1;
    %store/vec4 v0x5569b45f3cb0_0, 0, 1;
    %pushi/vec4 0, 0, 1;
    %store/vec4 v0x5569b45f3e30_0, 0, 1;
    %pushi/vec4 1, 0, 1;
    %store/vec4 v0x5569b45f3bf0_0, 0, 1;
    %pushi/vec4 0, 0, 1;
    %store/vec4 v0x5569b45f3b30_0, 0, 1;
    %pushi/vec4 1, 0, 1;
    %store/vec4 v0x5569b45f3a70_0, 0, 1;
    %pushi/vec4 0, 0, 1;
    %store/vec4 v0x5569b45f3770_0, 0, 1;
    %pushi/vec4 0, 0, 1;
    %store/vec4 v0x5569b45f3d70_0, 0, 1;
    %jmp T_7.13;
T_7.12 ;
    %load/vec4 v0x5569b45f3fd0_0;
    %pad/u 32;
    %cmpi/e 43, 0, 32;
    %jmp/0xz  T_7.14, 4;
    %pushi/vec4 0, 0, 1;
    %store/vec4 v0x5569b45f38f0_0, 0, 1;
    %pushi/vec4 0, 0, 1;
    %store/vec4 v0x5569b45f39b0_0, 0, 1;
    %pushi/vec4 1, 0, 1;
    %store/vec4 v0x5569b45f3830_0, 0, 1;
    %pushi/vec4 0, 0, 2;
    %store/vec4 v0x5569b45f2ec0_0, 0, 2;
    %pushi/vec4 0, 0, 1;
    %store/vec4 v0x5569b45f3cb0_0, 0, 1;
    %pushi/vec4 0, 0, 1;
    %store/vec4 v0x5569b45f3e30_0, 0, 1;
    %pushi/vec4 0, 0, 1;
    %store/vec4 v0x5569b45f3bf0_0, 0, 1;
    %pushi/vec4 0, 0, 1;
    %store/vec4 v0x5569b45f3b30_0, 0, 1;
    %pushi/vec4 1, 0, 1;
    %store/vec4 v0x5569b45f3a70_0, 0, 1;
    %pushi/vec4 0, 0, 1;
    %store/vec4 v0x5569b45f3770_0, 0, 1;
    %pushi/vec4 0, 0, 1;
    %store/vec4 v0x5569b45f3d70_0, 0, 1;
T_7.14 ;
T_7.13 ;
T_7.11 ;
T_7.9 ;
T_7.7 ;
T_7.5 ;
T_7.3 ;
T_7.1 ;
    %load/vec4 v0x5569b45f2ec0_0;
    %cmpi/e 0, 0, 2;
    %jmp/0xz  T_7.16, 4;
    %pushi/vec4 2, 0, 3;
    %store/vec4 v0x5569b45f3100_0, 0, 3;
    %jmp T_7.17;
T_7.16 ;
    %load/vec4 v0x5569b45f2ec0_0;
    %cmpi/e 1, 0, 2;
    %jmp/0xz  T_7.18, 4;
    %pushi/vec4 6, 0, 3;
    %store/vec4 v0x5569b45f3100_0, 0, 3;
    %jmp T_7.19;
T_7.18 ;
    %load/vec4 v0x5569b45f2ec0_0;
    %cmpi/e 3, 0, 2;
    %jmp/0xz  T_7.20, 4;
    %pushi/vec4 0, 0, 3;
    %store/vec4 v0x5569b45f3100_0, 0, 3;
    %jmp T_7.21;
T_7.20 ;
    %load/vec4 v0x5569b45f3ef0_0;
    %dup/vec4;
    %pushi/vec4 32, 0, 6;
    %cmp/u;
    %jmp/1 T_7.22, 6;
    %dup/vec4;
    %pushi/vec4 34, 0, 6;
    %cmp/u;
    %jmp/1 T_7.23, 6;
    %dup/vec4;
    %pushi/vec4 36, 0, 6;
    %cmp/u;
    %jmp/1 T_7.24, 6;
    %dup/vec4;
    %pushi/vec4 37, 0, 6;
    %cmp/u;
    %jmp/1 T_7.25, 6;
    %dup/vec4;
    %pushi/vec4 42, 0, 6;
    %cmp/u;
    %jmp/1 T_7.26, 6;
    %dup/vec4;
    %pushi/vec4 8, 0, 6;
    %cmp/u;
    %jmp/1 T_7.27, 6;
    %jmp T_7.28;
T_7.22 ;
    %pushi/vec4 2, 0, 3;
    %store/vec4 v0x5569b45f3100_0, 0, 3;
    %jmp T_7.28;
T_7.23 ;
    %pushi/vec4 6, 0, 3;
    %store/vec4 v0x5569b45f3100_0, 0, 3;
    %jmp T_7.28;
T_7.24 ;
    %pushi/vec4 0, 0, 3;
    %store/vec4 v0x5569b45f3100_0, 0, 3;
    %jmp T_7.28;
T_7.25 ;
    %pushi/vec4 1, 0, 3;
    %store/vec4 v0x5569b45f3100_0, 0, 3;
    %jmp T_7.28;
T_7.26 ;
    %pushi/vec4 7, 0, 3;
    %store/vec4 v0x5569b45f3100_0, 0, 3;
    %jmp T_7.28;
T_7.27 ;
    %pushi/vec4 1, 0, 1;
    %store/vec4 v0x5569b45f3e30_0, 0, 1;
    %pushi/vec4 0, 0, 1;
    %store/vec4 v0x5569b45f3bf0_0, 0, 1;
    %jmp T_7.28;
T_7.28 ;
    %pop/vec4 1;
T_7.21 ;
T_7.19 ;
T_7.17 ;
    %jmp T_7;
    .thread T_7, $push;
    .scope S_0x5569b45fa6e0;
T_8 ;
    %wait E_0x5569b45fa960;
    %load/vec4 v0x5569b45fabd0_0;
    %pad/u 32;
    %cmpi/e 0, 0, 32;
    %jmp/0xz  T_8.0, 4;
    %load/vec4 v0x5569b45fa9f0_0;
    %load/vec4 v0x5569b45faaf0_0;
    %and;
    %store/vec4 v0x5569b45facd0_0, 0, 32;
T_8.0 ;
    %load/vec4 v0x5569b45fabd0_0;
    %pad/u 32;
    %cmpi/e 1, 0, 32;
    %jmp/0xz  T_8.2, 4;
    %load/vec4 v0x5569b45fa9f0_0;
    %load/vec4 v0x5569b45faaf0_0;
    %or;
    %store/vec4 v0x5569b45facd0_0, 0, 32;
T_8.2 ;
    %load/vec4 v0x5569b45fabd0_0;
    %pad/u 32;
    %cmpi/e 2, 0, 32;
    %jmp/0xz  T_8.4, 4;
    %load/vec4 v0x5569b45fa9f0_0;
    %load/vec4 v0x5569b45faaf0_0;
    %add;
    %store/vec4 v0x5569b45facd0_0, 0, 32;
T_8.4 ;
    %load/vec4 v0x5569b45fabd0_0;
    %pad/u 32;
    %cmpi/e 6, 0, 32;
    %jmp/0xz  T_8.6, 4;
    %load/vec4 v0x5569b45fa9f0_0;
    %load/vec4 v0x5569b45faaf0_0;
    %sub;
    %store/vec4 v0x5569b45facd0_0, 0, 32;
T_8.6 ;
    %load/vec4 v0x5569b45fabd0_0;
    %pad/u 32;
    %cmpi/e 7, 0, 32;
    %jmp/0xz  T_8.8, 4;
    %load/vec4 v0x5569b45fa9f0_0;
    %load/vec4 v0x5569b45faaf0_0;
    %cmp/u;
    %flag_get/vec4 5;
    %pad/u 32;
    %store/vec4 v0x5569b45facd0_0, 0, 32;
T_8.8 ;
    %load/vec4 v0x5569b45facd0_0;
    %cmpi/e 0, 0, 32;
    %flag_mov 8, 4;
    %jmp/0 T_8.10, 8;
    %pushi/vec4 1, 0, 2;
    %jmp/1 T_8.11, 8;
T_8.10 ; End of true expr.
    %pushi/vec4 0, 0, 2;
    %jmp/0 T_8.11, 8;
 ; End of false expr.
    %blend;
T_8.11;
    %pad/s 1;
    %store/vec4 v0x5569b45fada0_0, 0, 1;
    %jmp T_8;
    .thread T_8, $push;
    .scope S_0x5569b45f8720;
T_9 ;
    %wait E_0x5569b456b660;
    %load/vec4 v0x5569b45f8bb0_0;
    %pad/u 32;
    %cmpi/e 0, 0, 32;
    %jmp/0xz  T_9.0, 4;
    %load/vec4 v0x5569b45f89d0_0;
    %load/vec4 v0x5569b45f8ad0_0;
    %and;
    %store/vec4 v0x5569b45f8ca0_0, 0, 32;
T_9.0 ;
    %load/vec4 v0x5569b45f8bb0_0;
    %pad/u 32;
    %cmpi/e 1, 0, 32;
    %jmp/0xz  T_9.2, 4;
    %load/vec4 v0x5569b45f89d0_0;
    %load/vec4 v0x5569b45f8ad0_0;
    %or;
    %store/vec4 v0x5569b45f8ca0_0, 0, 32;
T_9.2 ;
    %load/vec4 v0x5569b45f8bb0_0;
    %pad/u 32;
    %cmpi/e 2, 0, 32;
    %jmp/0xz  T_9.4, 4;
    %load/vec4 v0x5569b45f89d0_0;
    %load/vec4 v0x5569b45f8ad0_0;
    %add;
    %store/vec4 v0x5569b45f8ca0_0, 0, 32;
T_9.4 ;
    %load/vec4 v0x5569b45f8bb0_0;
    %pad/u 32;
    %cmpi/e 6, 0, 32;
    %jmp/0xz  T_9.6, 4;
    %load/vec4 v0x5569b45f89d0_0;
    %load/vec4 v0x5569b45f8ad0_0;
    %sub;
    %store/vec4 v0x5569b45f8ca0_0, 0, 32;
T_9.6 ;
    %load/vec4 v0x5569b45f8bb0_0;
    %pad/u 32;
    %cmpi/e 7, 0, 32;
    %jmp/0xz  T_9.8, 4;
    %load/vec4 v0x5569b45f89d0_0;
    %load/vec4 v0x5569b45f8ad0_0;
    %cmp/u;
    %flag_get/vec4 5;
    %pad/u 32;
    %store/vec4 v0x5569b45f8ca0_0, 0, 32;
T_9.8 ;
    %load/vec4 v0x5569b45f8ca0_0;
    %cmpi/e 0, 0, 32;
    %flag_mov 8, 4;
    %jmp/0 T_9.10, 8;
    %pushi/vec4 1, 0, 2;
    %jmp/1 T_9.11, 8;
T_9.10 ; End of true expr.
    %pushi/vec4 0, 0, 2;
    %jmp/0 T_9.11, 8;
 ; End of false expr.
    %blend;
T_9.11;
    %pad/s 1;
    %store/vec4 v0x5569b45f8db0_0, 0, 1;
    %jmp T_9;
    .thread T_9, $push;
    .scope S_0x5569b45f8f60;
T_10 ;
    %wait E_0x5569b45f91e0;
    %load/vec4 v0x5569b45f9410_0;
    %pad/u 32;
    %cmpi/e 0, 0, 32;
    %jmp/0xz  T_10.0, 4;
    %load/vec4 v0x5569b45f9250_0;
    %load/vec4 v0x5569b45f9330_0;
    %and;
    %store/vec4 v0x5569b45f94d0_0, 0, 32;
T_10.0 ;
    %load/vec4 v0x5569b45f9410_0;
    %pad/u 32;
    %cmpi/e 1, 0, 32;
    %jmp/0xz  T_10.2, 4;
    %load/vec4 v0x5569b45f9250_0;
    %load/vec4 v0x5569b45f9330_0;
    %or;
    %store/vec4 v0x5569b45f94d0_0, 0, 32;
T_10.2 ;
    %load/vec4 v0x5569b45f9410_0;
    %pad/u 32;
    %cmpi/e 2, 0, 32;
    %jmp/0xz  T_10.4, 4;
    %load/vec4 v0x5569b45f9250_0;
    %load/vec4 v0x5569b45f9330_0;
    %add;
    %store/vec4 v0x5569b45f94d0_0, 0, 32;
T_10.4 ;
    %load/vec4 v0x5569b45f9410_0;
    %pad/u 32;
    %cmpi/e 6, 0, 32;
    %jmp/0xz  T_10.6, 4;
    %load/vec4 v0x5569b45f9250_0;
    %load/vec4 v0x5569b45f9330_0;
    %sub;
    %store/vec4 v0x5569b45f94d0_0, 0, 32;
T_10.6 ;
    %load/vec4 v0x5569b45f9410_0;
    %pad/u 32;
    %cmpi/e 7, 0, 32;
    %jmp/0xz  T_10.8, 4;
    %load/vec4 v0x5569b45f9250_0;
    %load/vec4 v0x5569b45f9330_0;
    %cmp/u;
    %flag_get/vec4 5;
    %pad/u 32;
    %store/vec4 v0x5569b45f94d0_0, 0, 32;
T_10.8 ;
    %load/vec4 v0x5569b45f94d0_0;
    %cmpi/e 0, 0, 32;
    %flag_mov 8, 4;
    %jmp/0 T_10.10, 8;
    %pushi/vec4 1, 0, 2;
    %jmp/1 T_10.11, 8;
T_10.10 ; End of true expr.
    %pushi/vec4 0, 0, 2;
    %jmp/0 T_10.11, 8;
 ; End of false expr.
    %blend;
T_10.11;
    %pad/s 1;
    %store/vec4 v0x5569b45f95c0_0, 0, 1;
    %jmp T_10;
    .thread T_10, $push;
    .scope S_0x5569b45c7520;
T_11 ;
    %wait E_0x5569b456b4d0;
    %load/vec4 v0x5569b45f43e0_0;
    %load/vec4 v0x5569b45f44a0_0;
    %and;
    %store/vec4 v0x5569b45f4540_0, 0, 1;
    %jmp T_11;
    .thread T_11, $push;
    .scope S_0x5569b45c8930;
T_12 ;
    %pushi/vec4 0, 0, 32;
    %store/vec4 v0x5569b4603260_0, 0, 32;
T_12.0 ;
    %load/vec4 v0x5569b4603260_0;
    %cmpi/u 1000, 0, 32;
    %jmp/0xz T_12.1, 5;
    %delay 5, 0;
    %pushi/vec4 1, 0, 1;
    %store/vec4 v0x5569b4602d80_0, 0, 1;
    %delay 5, 0;
    %pushi/vec4 0, 0, 1;
    %store/vec4 v0x5569b4602d80_0, 0, 1;
    %load/vec4 v0x5569b4603260_0;
    %addi 1, 0, 32;
    %store/vec4 v0x5569b4603260_0, 0, 32;
    %jmp T_12.0;
T_12.1 ;
    %pushi/vec4 0, 0, 32;
    %store/vec4 v0x5569b4603970_0, 0, 32;
T_12.2 ;
    %load/vec4 v0x5569b4603970_0;
    %cmpi/u 32, 0, 32;
    %jmp/0xz T_12.3, 5;
    %vpi_call 3 64 "$display", "Register: %d, value: %d", v0x5569b4603970_0, &A<v0x5569b4602320, v0x5569b4603970_0 > {0 0 0};
    %load/vec4 v0x5569b4603970_0;
    %addi 1, 0, 32;
    %store/vec4 v0x5569b4603970_0, 0, 32;
    %jmp T_12.2;
T_12.3 ;
    %pushi/vec4 0, 0, 32;
    %store/vec4 v0x5569b4603560_0, 0, 32;
T_12.4 ;
    %load/vec4 v0x5569b4603560_0;
    %cmpi/u 64, 0, 32;
    %jmp/0xz T_12.5, 5;
    %load/vec4 v0x5569b4603560_0;
    %muli 4, 0, 32;
    %vpi_call 3 68 "$display", "Addr: %d, value: %d", S<0,vec4,u32>, &A<v0x5569b4600b50, v0x5569b4603560_0 > {1 0 0};
    %load/vec4 v0x5569b4603560_0;
    %addi 1, 0, 32;
    %store/vec4 v0x5569b4603560_0, 0, 32;
    %jmp T_12.4;
T_12.5 ;
    %end;
    .thread T_12;
# The file index is used to find the file name in the following table.
:file_names 10;
    "N/A";
    "<interactive>";
    "./util.v";
    "cpu_test.v";
    "./mips_cpu.v";
    "./control_unit.v";
    "./alu.v";
    "./memory.v";
    "./register_file.v";
    "./d_flop.v";
